<?xml version="1.0" encoding="UTF-8"?>
<!-- Generated by org.testng.reporters.JUnitReportReporter -->
<testsuite hostname="DESKTOP-G6KIFE9" name="com.BusinessScriptsPackage.Fbtest" tests="1" failures="0" timestamp="16 Sep 2019 06:03:24 GMT" time="30.923" errors="0">
  <testcase name="fbTest" time="30.923" classname="com.BusinessScriptsPackage.Fbtest"/>
</testsuite> <!-- com.BusinessScriptsPackage.Fbtest -->
