<?xml version="1.0" encoding="UTF-8"?>
<!-- Generated by org.testng.reporters.JUnitReportReporter -->
<testsuite hostname="DESKTOP-G6KIFE9" name="com.BusinessScriptsPackage.GmailTest1" tests="3" failures="0" timestamp="14 Sep 2019 16:55:52 GMT" time="22.512" errors="0">
  <testcase name="filpkart" time="8.865" classname="com.BusinessScriptsPackage.GmailTest1"/>
  <testcase name="prime" time="5.996" classname="com.BusinessScriptsPackage.GmailTest1"/>
  <testcase name="outlook" time="7.651" classname="com.BusinessScriptsPackage.GmailTest1"/>
</testsuite> <!-- com.BusinessScriptsPackage.GmailTest1 -->
