<?xml version="1.0" encoding="UTF-8"?>
<!-- Generated by org.testng.reporters.JUnitReportReporter -->
<testsuite hostname="DESKTOP-G6KIFE9" name="com.BusinessScriptsPackage.TestByApplications" tests="1" failures="0" timestamp="30 Aug 2019 17:34:40 GMT" time="43.125" errors="0">
  <testcase name="TestApps" time="43.125" classname="com.BusinessScriptsPackage.TestByApplications"/>
</testsuite> <!-- com.BusinessScriptsPackage.TestByApplications -->
