<?xml version="1.0" encoding="UTF-8"?>
<!-- Generated by org.testng.reporters.JUnitReportReporter -->
<testsuite hostname="DESKTOP-G6KIFE9" name="com.BusinessScriptsPackage.TestByApplicationsProperties" tests="1" failures="0" timestamp="29 Aug 2019 17:19:58 GMT" time="113.645" errors="0">
  <testcase name="TestApps" time="113.645" classname="com.BusinessScriptsPackage.TestByApplicationsProperties"/>
</testsuite> <!-- com.BusinessScriptsPackage.TestByApplicationsProperties -->
