<?xml version="1.0" encoding="UTF-8"?>
<!-- Generated by org.testng.reporters.JUnitReportReporter -->
<testsuite hostname="DESKTOP-G6KIFE9" name="com.BusinessScriptsPackage.GmailTestDemo2" tests="1" failures="0" timestamp="3 Sep 2019 05:21:34 GMT" time="10.170" errors="0">
  <testcase name="AmazonTest" time="10.170" classname="com.BusinessScriptsPackage.GmailTestDemo2"/>
</testsuite> <!-- com.BusinessScriptsPackage.GmailTestDemo2 -->
